<?xml version="1.0" encoding="UTF-8"?>
<!-- Generated by org.testng.reporters.JUnitXMLReporter -->
<testsuite ignored="2" hostname="DESKTOP-7S7LCUO" failures="0" tests="1" name="Default test" time="62.625" errors="0" timestamp="2024-05-29T12:49:52 IST">
  <testcase classname="com.zenoxerp.qa.test.ReportTest" name="DownloadExcel" time="57.545"/>
  <testcase classname="com.zenoxerp.qa.test.ReportTest" name="uploadFile" time="0.0">
    <ignored/>
  </testcase> <!-- uploadFile -->
  <testcase classname="com.zenoxerp.qa.test.ReportTest" name="deleteDownloadedFile" time="0.0">
    <ignored/>
  </testcase> <!-- deleteDownloadedFile -->
</testsuite> <!-- Default test -->
