<?xml version="1.0" encoding="UTF-8"?>
<!-- Generated by org.testng.reporters.JUnitXMLReporter -->
<testsuite ignored="2" hostname="DESKTOP-7S7LCUO" failures="0" tests="1" name="Test" time="56.482" errors="0" timestamp="2024-05-30T17:50:44 IST">
  <testcase classname="com.zenoxerp.qa.test.ReportTest" name="DownloadExcel" time="50.961"/>
  <testcase classname="com.zenoxerp.qa.test.ReportTest" name="deleteDownloadedFile" time="0.0">
    <ignored/>
  </testcase> <!-- deleteDownloadedFile -->
  <testcase classname="com.zenoxerp.qa.test.ReportTest" name="uploadFile" time="0.0">
    <ignored/>
  </testcase> <!-- uploadFile -->
</testsuite> <!-- Test -->
