<?xml version="1.0" encoding="UTF-8"?>
<testng-results ignored="0" total="1" passed="1" failed="0" skipped="0">
  <reporter-output>
  </reporter-output>
  <suite started-at="2024-06-13T16:13:36 IST" name="Suite" finished-at="2024-06-13T16:14:34 IST" duration-ms="58077">
    <groups>
    </groups>
    <test started-at="2024-06-13T16:13:36 IST" name="Test" finished-at="2024-06-13T16:14:34 IST" duration-ms="58077">
      <class name="com.zenoxerp.qa.test.ReportTest">
        <test-method signature="DownloadExcel()[pri:0, instance:com.zenoxerp.qa.test.ReportTest@2fb69ff6]" started-at="2024-06-13T16:13:36 IST" name="DownloadExcel" finished-at="2024-06-13T16:14:28 IST" duration-ms="52682" status="PASS">
          <reporter-output>
          </reporter-output>
        </test-method> <!-- DownloadExcel -->
        <test-method is-config="true" signature="tearDwon()[pri:0, instance:com.zenoxerp.qa.test.ReportTest@2fb69ff6]" started-at="2024-06-13T16:14:28 IST" name="tearDwon" finished-at="2024-06-13T16:14:34 IST" duration-ms="5331" status="PASS">
          <reporter-output>
          </reporter-output>
        </test-method> <!-- tearDwon -->
      </class> <!-- com.zenoxerp.qa.test.ReportTest -->
    </test> <!-- Test -->
  </suite> <!-- Suite -->
</testng-results>
