<?xml version="1.0" encoding="UTF-8"?>
<testng-results ignored="0" total="1" passed="1" failed="0" skipped="0">
  <reporter-output>
  </reporter-output>
  <suite started-at="2024-05-30T17:49:47 IST" name="Suite" finished-at="2024-05-30T17:50:44 IST" duration-ms="56482">
    <groups>
    </groups>
    <test started-at="2024-05-30T17:49:47 IST" name="Test" finished-at="2024-05-30T17:50:44 IST" duration-ms="56482">
      <class name="com.zenoxerp.qa.test.ReportTest">
        <test-method signature="DownloadExcel()[pri:0, instance:com.zenoxerp.qa.test.ReportTest@cda4919]" started-at="2024-05-30T17:49:47 IST" name="DownloadExcel" finished-at="2024-05-30T17:50:38 IST" duration-ms="50961" status="PASS">
          <reporter-output>
          </reporter-output>
        </test-method> <!-- DownloadExcel -->
        <test-method is-config="true" signature="tearDwon()[pri:0, instance:com.zenoxerp.qa.test.ReportTest@cda4919]" started-at="2024-05-30T17:50:38 IST" name="tearDwon" finished-at="2024-05-30T17:50:44 IST" duration-ms="5417" status="PASS">
          <reporter-output>
          </reporter-output>
        </test-method> <!-- tearDwon -->
      </class> <!-- com.zenoxerp.qa.test.ReportTest -->
    </test> <!-- Test -->
  </suite> <!-- Suite -->
</testng-results>
