<?xml version="1.0" encoding="UTF-8"?>
<testng-results ignored="0" total="1" passed="1" failed="0" skipped="0">
  <reporter-output>
  </reporter-output>
  <suite started-at="2024-05-29T12:48:49 IST" name="Default suite" finished-at="2024-05-29T12:49:52 IST" duration-ms="62625">
    <groups>
    </groups>
    <test started-at="2024-05-29T12:48:49 IST" name="Default test" finished-at="2024-05-29T12:49:52 IST" duration-ms="62625">
      <class name="com.zenoxerp.qa.test.ReportTest">
        <test-method signature="DownloadExcel()[pri:0, instance:com.zenoxerp.qa.test.ReportTest@654c1a54]" started-at="2024-05-29T12:48:49 IST" name="DownloadExcel" finished-at="2024-05-29T12:49:47 IST" duration-ms="57545" status="PASS">
          <reporter-output>
          </reporter-output>
        </test-method> <!-- DownloadExcel -->
        <test-method is-config="true" signature="tearDwon()[pri:0, instance:com.zenoxerp.qa.test.ReportTest@654c1a54]" started-at="2024-05-29T12:49:47 IST" name="tearDwon" finished-at="2024-05-29T12:49:52 IST" duration-ms="5015" status="PASS">
          <reporter-output>
          </reporter-output>
        </test-method> <!-- tearDwon -->
      </class> <!-- com.zenoxerp.qa.test.ReportTest -->
    </test> <!-- Default test -->
  </suite> <!-- Default suite -->
</testng-results>
